Vivado Simulator 2018.3
Copyright 1986-1999, 2001-2018 Xilinx, Inc. All Rights Reserved.
Running: D:/vivado/Vivado/2018.3/bin/unwrapped/win64.o/xelab.exe -wto 5f761caa58a245fe802dc2ca18b36310 --incr --debug typical --relax --mt 2 -L blk_mem_gen_v8_4_2 -L xil_defaultlib -L unisims_ver -L unimacro_ver -L secureip -L xpm --snapshot mycpu_tb_behav xil_defaultlib.mycpu_tb xil_defaultlib.glbl -log elaborate.log 
Using 2 slave threads.
Starting static elaboration
Completed static elaboration
Starting simulation data flow analysis
Completed simulation data flow analysis
Time Resolution for simulation is 1ps
Compiling module unisims_ver.IBUF
Compiling module unisims_ver.PLLE2_ADV(CLKFBOUT_MULT=46,CLKIN...
Compiling module unisims_ver.BUFG
Compiling module xil_defaultlib.cpuclk_clk_wiz
Compiling module xil_defaultlib.cpuclk
Compiling module xil_defaultlib.CLK
Compiling module xil_defaultlib.PC
Compiling module xil_defaultlib.EXT_4_NPC
Compiling module xil_defaultlib.NPC
Compiling module blk_mem_gen_v8_4_2.blk_mem_gen_v8_4_2_output_stage(...
Compiling module blk_mem_gen_v8_4_2.blk_mem_gen_v8_4_2_softecc_outpu...
Compiling module blk_mem_gen_v8_4_2.blk_mem_gen_v8_4_2_mem_module(C_...
Compiling module blk_mem_gen_v8_4_2.blk_mem_gen_v8_4_2(C_FAMILY="art...
Compiling module xil_defaultlib.prgrom
Compiling module xil_defaultlib.programrom
Compiling module xil_defaultlib.S_EXT
Compiling module xil_defaultlib.RF
Compiling module blk_mem_gen_v8_4_2.blk_mem_gen_v8_4_2_mem_module(C_...
Compiling module blk_mem_gen_v8_4_2.blk_mem_gen_v8_4_2(C_FAMILY="art...
Compiling module xil_defaultlib.RAM
Compiling module xil_defaultlib.dmemory32
Compiling module xil_defaultlib.ALU
Compiling module xil_defaultlib.CU
Compiling module xil_defaultlib.AR_reg
Compiling module xil_defaultlib.IR_reg
Compiling module xil_defaultlib.minisys
Compiling module xil_defaultlib.mycpu_tb
WARNING: [XSIM 43-3373] "D:/ComDesignExp/EX3/EX3/EX3.srcs/sim_1/new/mycpu_tb.v" Line 118. System function $fscanf is used as system task. This system function should have a LHS e.g. x=$fscanf().
Compiling module xil_defaultlib.glbl
Built simulation snapshot mycpu_tb_behav
