Vivado Simulator 2018.3
Time resolution is 1 ps
 Block Memory Generator module loading initial data...
 Block Memory Generator data initialization complete.
Block Memory Generator module mycpu_tb.soc_lite.u_rom.instmem.inst.native_mem_module.blk_mem_gen_v8_4_2_inst is using a behavioral model for simulation which will not precisely model memory collision behavior.
Block Memory Generator module mycpu_tb.soc_lite.u_ram.ram.inst.native_mem_module.blk_mem_gen_v8_4_2_inst is using a behavioral model for simulation which will not precisely model memory collision behavior.
        [      0 ns] Test is running, debug_wb_pc = 0x00000000
==============================================================
Test begin!
        [   7320 ns] Test is running, debug_wb_pc = 0x00000004
        [   7668 ns] Test is running, debug_wb_pc = 0x00000008
        [   7842 ns] Test is running, debug_wb_pc = 0x00000380
        [   8190 ns] Test is running, debug_wb_pc = 0x00000384
        [   8538 ns] Test is running, debug_wb_pc = 0x00000388
        [   8886 ns] Test is running, debug_wb_pc = 0x0000038c
        [   9233 ns] Test is running, debug_wb_pc = 0x00000390
        [   9581 ns] Test is running, debug_wb_pc = 0x00000394
Warning : input CLKIN1 period and attribute CLKIN1_PERIOD on PLLE2_ADV instance mycpu_tb.soc_lite.u_clk.cc.inst.plle2_adv_inst are not same.
        [   9929 ns] Test is running, debug_wb_pc = 0x00000398
        [  10277 ns] Test is running, debug_wb_pc = 0x0000039c
        [  10625 ns] Test is running, debug_wb_pc = 0x000003a0
        [  10973 ns] Test is running, debug_wb_pc = 0x000003a4
        [  11320 ns] Test is running, debug_wb_pc = 0x000003a8
        [  11668 ns] Test is running, debug_wb_pc = 0x000003ac
        [  11842 ns] Test is running, debug_wb_pc = 0x00001150
        [  12190 ns] Test is running, debug_wb_pc = 0x00001154
        [  12538 ns] Test is running, debug_wb_pc = 0x00001158
        [  12886 ns] Test is running, debug_wb_pc = 0x0000115c
        [  13233 ns] Test is running, debug_wb_pc = 0x00001160
        [  13581 ns] Test is running, debug_wb_pc = 0x00001164
        [  13929 ns] Test is running, debug_wb_pc = 0x00001168
        [  14277 ns] Test is running, debug_wb_pc = 0x0000116c
        [  14625 ns] Test is running, debug_wb_pc = 0x00001170
        [  14973 ns] Test is running, debug_wb_pc = 0x00001174
        [  15320 ns] Test is running, debug_wb_pc = 0x00001178
        [  15581 ns] Test is running, debug_wb_pc = 0x0000117c
        [  15929 ns] Test is running, debug_wb_pc = 0x00001180
        [  16277 ns] Test is running, debug_wb_pc = 0x00001184
        [  16625 ns] Test is running, debug_wb_pc = 0x00001188
        [  16973 ns] Test is running, debug_wb_pc = 0x0000118c
        [  17320 ns] Test is running, debug_wb_pc = 0x00001190
        [  17668 ns] Test is running, debug_wb_pc = 0x00001194
        [  18016 ns] Test is running, debug_wb_pc = 0x00001198
        [  18277 ns] Test is running, debug_wb_pc = 0x0000119c
        [  18625 ns] Test is running, debug_wb_pc = 0x000011a0
        [  18973 ns] Test is running, debug_wb_pc = 0x000011a4
        [  19320 ns] Test is running, debug_wb_pc = 0x000011a8
        [  19668 ns] Test is running, debug_wb_pc = 0x000011ac
        [  20016 ns] Test is running, debug_wb_pc = 0x000011b0
        [  20364 ns] Test is running, debug_wb_pc = 0x000011b4
        [  20712 ns] Test is running, debug_wb_pc = 0x000011b8
        [  20973 ns] Test is running, debug_wb_pc = 0x000011bc
        [  21320 ns] Test is running, debug_wb_pc = 0x000011c0
        [  21668 ns] Test is running, debug_wb_pc = 0x000011c4
        [  22016 ns] Test is running, debug_wb_pc = 0x000011c8
        [  22364 ns] Test is running, debug_wb_pc = 0x000011cc
        [  22712 ns] Test is running, debug_wb_pc = 0x000011d0
        [  23060 ns] Test is running, debug_wb_pc = 0x000011d4
        [  23407 ns] Test is running, debug_wb_pc = 0x000011d8
        [  23668 ns] Test is running, debug_wb_pc = 0x000011dc
        [  24016 ns] Test is running, debug_wb_pc = 0x000011e0
        [  24364 ns] Test is running, debug_wb_pc = 0x000011e4
        [  24712 ns] Test is running, debug_wb_pc = 0x000011e8
        [  25060 ns] Test is running, debug_wb_pc = 0x000011ec
        [  25407 ns] Test is running, debug_wb_pc = 0x000011f0
        [  25755 ns] Test is running, debug_wb_pc = 0x000011f4
        [  26103 ns] Test is running, debug_wb_pc = 0x000011f8
        [  26364 ns] Test is running, debug_wb_pc = 0x000011fc
        [  26712 ns] Test is running, debug_wb_pc = 0x00001200
        [  27060 ns] Test is running, debug_wb_pc = 0x00001204
        [  27407 ns] Test is running, debug_wb_pc = 0x00001208
        [  27755 ns] Test is running, debug_wb_pc = 0x0000120c
        [  28103 ns] Test is running, debug_wb_pc = 0x00001210
        [  28451 ns] Test is running, debug_wb_pc = 0x00001214
        [  28799 ns] Test is running, debug_wb_pc = 0x00001218
        [  29060 ns] Test is running, debug_wb_pc = 0x0000121c
        [  29407 ns] Test is running, debug_wb_pc = 0x00001220
        [  29755 ns] Test is running, debug_wb_pc = 0x00001224
        [  30103 ns] Test is running, debug_wb_pc = 0x00001228
        [  30451 ns] Test is running, debug_wb_pc = 0x0000122c
        [  30799 ns] Test is running, debug_wb_pc = 0x00001230
        [  31147 ns] Test is running, debug_wb_pc = 0x00001234
        [  31494 ns] Test is running, debug_wb_pc = 0x00001238
        [  31755 ns] Test is running, debug_wb_pc = 0x0000123c
        [  32103 ns] Test is running, debug_wb_pc = 0x00001240
        [  32451 ns] Test is running, debug_wb_pc = 0x00001244
        [  32799 ns] Test is running, debug_wb_pc = 0x00001248
        [  33147 ns] Test is running, debug_wb_pc = 0x0000124c
        [  33494 ns] Test is running, debug_wb_pc = 0x00001250
        [  33842 ns] Test is running, debug_wb_pc = 0x00001254
        [  34190 ns] Test is running, debug_wb_pc = 0x00001258
        [  34451 ns] Test is running, debug_wb_pc = 0x0000125c
        [  34799 ns] Test is running, debug_wb_pc = 0x00001260
        [  35147 ns] Test is running, debug_wb_pc = 0x00001264
        [  35494 ns] Test is running, debug_wb_pc = 0x00001268
        [  35842 ns] Test is running, debug_wb_pc = 0x0000126c
        [  36190 ns] Test is running, debug_wb_pc = 0x00001270
        [  36538 ns] Test is running, debug_wb_pc = 0x00001274
        [  36886 ns] Test is running, debug_wb_pc = 0x00001278
        [  37147 ns] Test is running, debug_wb_pc = 0x0000127c
        [  37494 ns] Test is running, debug_wb_pc = 0x00001280
        [  37842 ns] Test is running, debug_wb_pc = 0x00001284
        [  38190 ns] Test is running, debug_wb_pc = 0x00001288
        [  38538 ns] Test is running, debug_wb_pc = 0x0000128c
        [  38886 ns] Test is running, debug_wb_pc = 0x00001290
        [  39233 ns] Test is running, debug_wb_pc = 0x00001294
        [  39581 ns] Test is running, debug_wb_pc = 0x00001298
        [  39842 ns] Test is running, debug_wb_pc = 0x0000129c
        [  40190 ns] Test is running, debug_wb_pc = 0x000012a0
        [  40538 ns] Test is running, debug_wb_pc = 0x000012a4
        [  40886 ns] Test is running, debug_wb_pc = 0x000012a8
        [  41233 ns] Test is running, debug_wb_pc = 0x000012ac
        [  41581 ns] Test is running, debug_wb_pc = 0x000012b0
        [  41929 ns] Test is running, debug_wb_pc = 0x000012b4
        [  42277 ns] Test is running, debug_wb_pc = 0x000012b8
        [  42538 ns] Test is running, debug_wb_pc = 0x000012bc
        [  42886 ns] Test is running, debug_wb_pc = 0x000012c0
        [  43233 ns] Test is running, debug_wb_pc = 0x000012c4
        [  43581 ns] Test is running, debug_wb_pc = 0x000012c8
        [  43929 ns] Test is running, debug_wb_pc = 0x000012cc
        [  44277 ns] Test is running, debug_wb_pc = 0x000012d0
        [  44625 ns] Test is running, debug_wb_pc = 0x000012d4
        [  44973 ns] Test is running, debug_wb_pc = 0x000012d8
        [  45233 ns] Test is running, debug_wb_pc = 0x000012dc
        [  45581 ns] Test is running, debug_wb_pc = 0x000012e0
        [  45929 ns] Test is running, debug_wb_pc = 0x000012e4
        [  46277 ns] Test is running, debug_wb_pc = 0x000012e8
        [  46625 ns] Test is running, debug_wb_pc = 0x000012ec
        [  46973 ns] Test is running, debug_wb_pc = 0x000012f0
        [  47320 ns] Test is running, debug_wb_pc = 0x000012f4
        [  47668 ns] Test is running, debug_wb_pc = 0x000012f8
        [  47929 ns] Test is running, debug_wb_pc = 0x000012fc
        [  48277 ns] Test is running, debug_wb_pc = 0x00001300
        [  48625 ns] Test is running, debug_wb_pc = 0x00001304
        [  48973 ns] Test is running, debug_wb_pc = 0x00001308
        [  49320 ns] Test is running, debug_wb_pc = 0x0000130c
        [  49668 ns] Test is running, debug_wb_pc = 0x00001310
        [  50016 ns] Test is running, debug_wb_pc = 0x00001314
        [  50364 ns] Test is running, debug_wb_pc = 0x00001318
        [  50625 ns] Test is running, debug_wb_pc = 0x0000131c
        [  50973 ns] Test is running, debug_wb_pc = 0x00001320
        [  51320 ns] Test is running, debug_wb_pc = 0x00001324
        [  51668 ns] Test is running, debug_wb_pc = 0x00001328
        [  52016 ns] Test is running, debug_wb_pc = 0x0000132c
        [  52364 ns] Test is running, debug_wb_pc = 0x00001330
        [  52712 ns] Test is running, debug_wb_pc = 0x00001334
        [  53060 ns] Test is running, debug_wb_pc = 0x00001338
        [  53320 ns] Test is running, debug_wb_pc = 0x0000133c
        [  53668 ns] Test is running, debug_wb_pc = 0x00001340
        [  54016 ns] Test is running, debug_wb_pc = 0x00001344
        [  54364 ns] Test is running, debug_wb_pc = 0x00001348
        [  54712 ns] Test is running, debug_wb_pc = 0x0000134c
        [  55060 ns] Test is running, debug_wb_pc = 0x00001350
        [  55407 ns] Test is running, debug_wb_pc = 0x00001354
        [  55755 ns] Test is running, debug_wb_pc = 0x00001358
        [  56016 ns] Test is running, debug_wb_pc = 0x0000135c
        [  56364 ns] Test is running, debug_wb_pc = 0x00001360
        [  56712 ns] Test is running, debug_wb_pc = 0x00001364
        [  57060 ns] Test is running, debug_wb_pc = 0x00001368
        [  57320 ns] Test is running, debug_wb_pc = 0x0000136c
        [  57668 ns] Test is running, debug_wb_pc = 0x00001370
        [  58016 ns] Test is running, debug_wb_pc = 0x00001374
        [  58364 ns] Test is running, debug_wb_pc = 0x00001378
        [  58712 ns] Test is running, debug_wb_pc = 0x0000137c
        [  59060 ns] Test is running, debug_wb_pc = 0x00001380
        [  59407 ns] Test is running, debug_wb_pc = 0x00001384
        [  59581 ns] Test is running, debug_wb_pc = 0x000003b0
        [  59929 ns] Test is running, debug_wb_pc = 0x000003b4
        [  60103 ns] Test is running, debug_wb_pc = 0x00000588
        [  60451 ns] Test is running, debug_wb_pc = 0x0000058c
        [  60799 ns] Test is running, debug_wb_pc = 0x00000590
        [  61147 ns] Test is running, debug_wb_pc = 0x00000594
        [  61494 ns] Test is running, debug_wb_pc = 0x00000598
        [  61755 ns] Test is running, debug_wb_pc = 0x0000059c
        [  62103 ns] Test is running, debug_wb_pc = 0x000005a0
        [  62277 ns] Test is running, debug_wb_pc = 0x000003b8
        [  62625 ns] Test is running, debug_wb_pc = 0x000003bc
        [  62799 ns] Test is running, debug_wb_pc = 0x00001ba0
        [  63147 ns] Test is running, debug_wb_pc = 0x00001ba4
        [  63494 ns] Test is running, debug_wb_pc = 0x00001ba8
        [  63842 ns] Test is running, debug_wb_pc = 0x00001bac
        [  64190 ns] Test is running, debug_wb_pc = 0x00001bb0
        [  64538 ns] Test is running, debug_wb_pc = 0x00001bb4
        [  64886 ns] Test is running, debug_wb_pc = 0x00001bb8
        [  65233 ns] Test is running, debug_wb_pc = 0x00001bbc
        [  65581 ns] Test is running, debug_wb_pc = 0x00001bc0
        [  65929 ns] Test is running, debug_wb_pc = 0x00001bc4
        [  66277 ns] Test is running, debug_wb_pc = 0x00001bc8
        [  66625 ns] Test is running, debug_wb_pc = 0x00001bcc
        [  66886 ns] Test is running, debug_wb_pc = 0x00001bd0
        [  67233 ns] Test is running, debug_wb_pc = 0x00001bd4
        [  67581 ns] Test is running, debug_wb_pc = 0x00001bd8
        [  67929 ns] Test is running, debug_wb_pc = 0x00001bdc
        [  68277 ns] Test is running, debug_wb_pc = 0x00001be0
        [  68625 ns] Test is running, debug_wb_pc = 0x00001be4
        [  68973 ns] Test is running, debug_wb_pc = 0x00001be8
        [  69320 ns] Test is running, debug_wb_pc = 0x00001bec
        [  69668 ns] Test is running, debug_wb_pc = 0x00001bf0
        [  70016 ns] Test is running, debug_wb_pc = 0x00001bf4
        [  70364 ns] Test is running, debug_wb_pc = 0x00001bf8
        [  70625 ns] Test is running, debug_wb_pc = 0x00001bfc
        [  70973 ns] Test is running, debug_wb_pc = 0x00001c00
        [  71320 ns] Test is running, debug_wb_pc = 0x00001c04
        [  71668 ns] Test is running, debug_wb_pc = 0x00001c08
        [  72016 ns] Test is running, debug_wb_pc = 0x00001c0c
        [  72364 ns] Test is running, debug_wb_pc = 0x00001c10
        [  72712 ns] Test is running, debug_wb_pc = 0x00001c14
        [  73060 ns] Test is running, debug_wb_pc = 0x00001c18
        [  73407 ns] Test is running, debug_wb_pc = 0x00001c1c
        [  73755 ns] Test is running, debug_wb_pc = 0x00001c20
        [  74103 ns] Test is running, debug_wb_pc = 0x00001c24
        [  74364 ns] Test is running, debug_wb_pc = 0x00001c28
        [  74712 ns] Test is running, debug_wb_pc = 0x00001c2c
        [  75060 ns] Test is running, debug_wb_pc = 0x00001c30
        [  75407 ns] Test is running, debug_wb_pc = 0x00001c34
        [  75755 ns] Test is running, debug_wb_pc = 0x00001c38
        [  76103 ns] Test is running, debug_wb_pc = 0x00001c3c
        [  76451 ns] Test is running, debug_wb_pc = 0x00001c40
        [  76799 ns] Test is running, debug_wb_pc = 0x00001c44
        [  77147 ns] Test is running, debug_wb_pc = 0x00001c48
        [  77494 ns] Test is running, debug_wb_pc = 0x00001c4c
        [  77842 ns] Test is running, debug_wb_pc = 0x00001c50
        [  78103 ns] Test is running, debug_wb_pc = 0x00001c54
        [  78451 ns] Test is running, debug_wb_pc = 0x00001c58
        [  78799 ns] Test is running, debug_wb_pc = 0x00001c5c
        [  79147 ns] Test is running, debug_wb_pc = 0x00001c60
        [  79494 ns] Test is running, debug_wb_pc = 0x00001c64
        [  79842 ns] Test is running, debug_wb_pc = 0x00001c68
        [  80190 ns] Test is running, debug_wb_pc = 0x00001c6c
        [  80538 ns] Test is running, debug_wb_pc = 0x00001c70
        [  80886 ns] Test is running, debug_wb_pc = 0x00001c74
        [  81233 ns] Test is running, debug_wb_pc = 0x00001c78
        [  81581 ns] Test is running, debug_wb_pc = 0x00001c7c
        [  81842 ns] Test is running, debug_wb_pc = 0x00001c80
        [  82190 ns] Test is running, debug_wb_pc = 0x00001c84
        [  82538 ns] Test is running, debug_wb_pc = 0x00001c88
        [  82886 ns] Test is running, debug_wb_pc = 0x00001c8c
        [  83147 ns] Test is running, debug_wb_pc = 0x00001c90
        [  83494 ns] Test is running, debug_wb_pc = 0x00001c94
        [  83842 ns] Test is running, debug_wb_pc = 0x00001c98
        [  84190 ns] Test is running, debug_wb_pc = 0x00001c9c
        [  84538 ns] Test is running, debug_wb_pc = 0x00001ca0
        [  84886 ns] Test is running, debug_wb_pc = 0x00001ca4
        [  85233 ns] Test is running, debug_wb_pc = 0x00001ca8
        [  85407 ns] Test is running, debug_wb_pc = 0x000003c0
        [  85755 ns] Test is running, debug_wb_pc = 0x000003c4
        [  85929 ns] Test is running, debug_wb_pc = 0x00000588
        [  86277 ns] Test is running, debug_wb_pc = 0x0000058c
        [  86625 ns] Test is running, debug_wb_pc = 0x00000590
        [  86973 ns] Test is running, debug_wb_pc = 0x00000594
        [  87320 ns] Test is running, debug_wb_pc = 0x00000598
        [  87581 ns] Test is running, debug_wb_pc = 0x0000059c
        [  87929 ns] Test is running, debug_wb_pc = 0x000005a0
        [  88103 ns] Test is running, debug_wb_pc = 0x000003c8
        [  88451 ns] Test is running, debug_wb_pc = 0x000003cc
        [  88625 ns] Test is running, debug_wb_pc = 0x00002190
        [  88973 ns] Test is running, debug_wb_pc = 0x00002194
        [  89320 ns] Test is running, debug_wb_pc = 0x00002198
        [  89668 ns] Test is running, debug_wb_pc = 0x0000219c
        [  90016 ns] Test is running, debug_wb_pc = 0x000021a0
        [  90364 ns] Test is running, debug_wb_pc = 0x000021a4
        [  90712 ns] Test is running, debug_wb_pc = 0x000021a8
        [  91060 ns] Test is running, debug_wb_pc = 0x000021ac
        [  91407 ns] Test is running, debug_wb_pc = 0x000021b0
        [  91755 ns] Test is running, debug_wb_pc = 0x000021b4
        [  92016 ns] Test is running, debug_wb_pc = 0x000021b8
        [  92364 ns] Test is running, debug_wb_pc = 0x000021bc
        [  92712 ns] Test is running, debug_wb_pc = 0x000021c0
        [  93060 ns] Test is running, debug_wb_pc = 0x000021c4
        [  93407 ns] Test is running, debug_wb_pc = 0x000021c8
        [  93755 ns] Test is running, debug_wb_pc = 0x000021cc
        [  94103 ns] Test is running, debug_wb_pc = 0x000021d0
        [  94451 ns] Test is running, debug_wb_pc = 0x000021d4
        [  94799 ns] Test is running, debug_wb_pc = 0x000021d8
        [  95060 ns] Test is running, debug_wb_pc = 0x000021dc
        [  95407 ns] Test is running, debug_wb_pc = 0x000021e0
        [  95755 ns] Test is running, debug_wb_pc = 0x000021e4
        [  96103 ns] Test is running, debug_wb_pc = 0x000021e8
        [  96451 ns] Test is running, debug_wb_pc = 0x000021ec
        [  96799 ns] Test is running, debug_wb_pc = 0x000021f0
        [  97147 ns] Test is running, debug_wb_pc = 0x000021f4
        [  97494 ns] Test is running, debug_wb_pc = 0x000021f8
        [  97842 ns] Test is running, debug_wb_pc = 0x000021fc
        [  98103 ns] Test is running, debug_wb_pc = 0x00002200
        [  98451 ns] Test is running, debug_wb_pc = 0x00002204
        [  98799 ns] Test is running, debug_wb_pc = 0x00002208
        [  99147 ns] Test is running, debug_wb_pc = 0x0000220c
        [  99494 ns] Test is running, debug_wb_pc = 0x00002210
        [  99842 ns] Test is running, debug_wb_pc = 0x00002214
        [ 100190 ns] Test is running, debug_wb_pc = 0x00002218
        [ 100538 ns] Test is running, debug_wb_pc = 0x0000221c
        [ 100886 ns] Test is running, debug_wb_pc = 0x00002220
        [ 101147 ns] Test is running, debug_wb_pc = 0x00002224
        [ 101494 ns] Test is running, debug_wb_pc = 0x00002228
        [ 101842 ns] Test is running, debug_wb_pc = 0x0000222c
        [ 102190 ns] Test is running, debug_wb_pc = 0x00002230
        [ 102538 ns] Test is running, debug_wb_pc = 0x00002234
        [ 102886 ns] Test is running, debug_wb_pc = 0x00002238
        [ 103233 ns] Test is running, debug_wb_pc = 0x0000223c
        [ 103581 ns] Test is running, debug_wb_pc = 0x00002240
        [ 103929 ns] Test is running, debug_wb_pc = 0x00002244
        [ 104190 ns] Test is running, debug_wb_pc = 0x00002248
        [ 104538 ns] Test is running, debug_wb_pc = 0x0000224c
        [ 104886 ns] Test is running, debug_wb_pc = 0x00002250
        [ 105233 ns] Test is running, debug_wb_pc = 0x00002254
        [ 105494 ns] Test is running, debug_wb_pc = 0x00002258
        [ 105842 ns] Test is running, debug_wb_pc = 0x0000225c
        [ 106190 ns] Test is running, debug_wb_pc = 0x00002260
        [ 106538 ns] Test is running, debug_wb_pc = 0x00002264
        [ 106886 ns] Test is running, debug_wb_pc = 0x00002268
        [ 107233 ns] Test is running, debug_wb_pc = 0x0000226c
        [ 107581 ns] Test is running, debug_wb_pc = 0x00002270
        [ 107755 ns] Test is running, debug_wb_pc = 0x000003d0
        [ 108103 ns] Test is running, debug_wb_pc = 0x000003d4
        [ 108277 ns] Test is running, debug_wb_pc = 0x00000588
        [ 108625 ns] Test is running, debug_wb_pc = 0x0000058c
        [ 108973 ns] Test is running, debug_wb_pc = 0x00000590
        [ 109320 ns] Test is running, debug_wb_pc = 0x00000594
        [ 109668 ns] Test is running, debug_wb_pc = 0x00000598
        [ 109929 ns] Test is running, debug_wb_pc = 0x0000059c
        [ 110277 ns] Test is running, debug_wb_pc = 0x000005a0
        [ 110451 ns] Test is running, debug_wb_pc = 0x000003d8
        [ 110799 ns] Test is running, debug_wb_pc = 0x000003dc
        [ 110973 ns] Test is running, debug_wb_pc = 0x00002280
        [ 111320 ns] Test is running, debug_wb_pc = 0x00002284
        [ 111668 ns] Test is running, debug_wb_pc = 0x00002288
        [ 112016 ns] Test is running, debug_wb_pc = 0x0000228c
        [ 112364 ns] Test is running, debug_wb_pc = 0x00002290
        [ 112625 ns] Test is running, debug_wb_pc = 0x000022b4
        [ 112973 ns] Test is running, debug_wb_pc = 0x000022b8
        [ 113320 ns] Test is running, debug_wb_pc = 0x000022bc
        [ 113668 ns] Test is running, debug_wb_pc = 0x000022c0
        [ 114016 ns] Test is running, debug_wb_pc = 0x000022c4
        [ 114277 ns] Test is running, debug_wb_pc = 0x000022c8
        [ 114625 ns] Test is running, debug_wb_pc = 0x000022cc
        [ 114886 ns] Test is running, debug_wb_pc = 0x000022e0
        [ 115233 ns] Test is running, debug_wb_pc = 0x000022e4
        [ 115581 ns] Test is running, debug_wb_pc = 0x000022e8
        [ 115929 ns] Test is running, debug_wb_pc = 0x000022ec
        [ 116277 ns] Test is running, debug_wb_pc = 0x000022f0
        [ 116538 ns] Test is running, debug_wb_pc = 0x000022f4
        [ 116886 ns] Test is running, debug_wb_pc = 0x000022f8
        [ 117233 ns] Test is running, debug_wb_pc = 0x000022fc
        [ 117581 ns] Test is running, debug_wb_pc = 0x00002300
        [ 117842 ns] Test is running, debug_wb_pc = 0x00002304
        [ 118190 ns] Test is running, debug_wb_pc = 0x00002308
        [ 118538 ns] Test is running, debug_wb_pc = 0x0000230c
        [ 118886 ns] Test is running, debug_wb_pc = 0x00002310
        [ 119147 ns] Test is running, debug_wb_pc = 0x00002334
        [ 119494 ns] Test is running, debug_wb_pc = 0x00002338
        [ 119842 ns] Test is running, debug_wb_pc = 0x0000233c
        [ 120190 ns] Test is running, debug_wb_pc = 0x00002340
        [ 120538 ns] Test is running, debug_wb_pc = 0x00002344
        [ 120799 ns] Test is running, debug_wb_pc = 0x00002348
        [ 121147 ns] Test is running, debug_wb_pc = 0x0000234c
        [ 121407 ns] Test is running, debug_wb_pc = 0x00002360
        [ 121755 ns] Test is running, debug_wb_pc = 0x00002364
        [ 122103 ns] Test is running, debug_wb_pc = 0x00002368
        [ 122451 ns] Test is running, debug_wb_pc = 0x0000236c
        [ 122799 ns] Test is running, debug_wb_pc = 0x00002370
        [ 123060 ns] Test is running, debug_wb_pc = 0x00002374
        [ 123407 ns] Test is running, debug_wb_pc = 0x00002378
        [ 123755 ns] Test is running, debug_wb_pc = 0x0000237c
        [ 124103 ns] Test is running, debug_wb_pc = 0x00002380
        [ 124364 ns] Test is running, debug_wb_pc = 0x00002384
        [ 124712 ns] Test is running, debug_wb_pc = 0x00002388
        [ 125060 ns] Test is running, debug_wb_pc = 0x0000238c
        [ 125407 ns] Test is running, debug_wb_pc = 0x00002390
        [ 125668 ns] Test is running, debug_wb_pc = 0x000023b4
        [ 126016 ns] Test is running, debug_wb_pc = 0x000023b8
        [ 126364 ns] Test is running, debug_wb_pc = 0x000023bc
        [ 126712 ns] Test is running, debug_wb_pc = 0x000023c0
        [ 127060 ns] Test is running, debug_wb_pc = 0x000023c4
        [ 127320 ns] Test is running, debug_wb_pc = 0x000023c8
        [ 127668 ns] Test is running, debug_wb_pc = 0x000023cc
        [ 127929 ns] Test is running, debug_wb_pc = 0x000023e0
        [ 128277 ns] Test is running, debug_wb_pc = 0x000023e4
        [ 128625 ns] Test is running, debug_wb_pc = 0x000023e8
        [ 128973 ns] Test is running, debug_wb_pc = 0x000023ec
        [ 129320 ns] Test is running, debug_wb_pc = 0x000023f0
        [ 129581 ns] Test is running, debug_wb_pc = 0x000023f4
        [ 129929 ns] Test is running, debug_wb_pc = 0x000023f8
        [ 130277 ns] Test is running, debug_wb_pc = 0x000023fc
        [ 130625 ns] Test is running, debug_wb_pc = 0x00002400
        [ 130886 ns] Test is running, debug_wb_pc = 0x00002404
        [ 131233 ns] Test is running, debug_wb_pc = 0x00002408
        [ 131581 ns] Test is running, debug_wb_pc = 0x0000240c
        [ 131929 ns] Test is running, debug_wb_pc = 0x00002410
        [ 132190 ns] Test is running, debug_wb_pc = 0x00002434
        [ 132538 ns] Test is running, debug_wb_pc = 0x00002438
        [ 132886 ns] Test is running, debug_wb_pc = 0x0000243c
        [ 133233 ns] Test is running, debug_wb_pc = 0x00002440
        [ 133581 ns] Test is running, debug_wb_pc = 0x00002444
        [ 133842 ns] Test is running, debug_wb_pc = 0x00002448
        [ 134190 ns] Test is running, debug_wb_pc = 0x0000244c
        [ 134451 ns] Test is running, debug_wb_pc = 0x00002460
        [ 134799 ns] Test is running, debug_wb_pc = 0x00002464
        [ 135147 ns] Test is running, debug_wb_pc = 0x00002468
        [ 135494 ns] Test is running, debug_wb_pc = 0x0000246c
        [ 135842 ns] Test is running, debug_wb_pc = 0x00002470
        [ 136103 ns] Test is running, debug_wb_pc = 0x00002474
        [ 136451 ns] Test is running, debug_wb_pc = 0x00002478
        [ 136799 ns] Test is running, debug_wb_pc = 0x0000247c
        [ 137147 ns] Test is running, debug_wb_pc = 0x00002480
        [ 137407 ns] Test is running, debug_wb_pc = 0x00002484
        [ 137755 ns] Test is running, debug_wb_pc = 0x00002488
        [ 138103 ns] Test is running, debug_wb_pc = 0x0000248c
        [ 138451 ns] Test is running, debug_wb_pc = 0x00002490
        [ 138712 ns] Test is running, debug_wb_pc = 0x000024b4
        [ 139060 ns] Test is running, debug_wb_pc = 0x000024b8
        [ 139407 ns] Test is running, debug_wb_pc = 0x000024bc
        [ 139755 ns] Test is running, debug_wb_pc = 0x000024c0
        [ 140103 ns] Test is running, debug_wb_pc = 0x000024c4
        [ 140364 ns] Test is running, debug_wb_pc = 0x000024c8
        [ 140712 ns] Test is running, debug_wb_pc = 0x000024cc
        [ 140973 ns] Test is running, debug_wb_pc = 0x000024e0
        [ 141320 ns] Test is running, debug_wb_pc = 0x000024e4
        [ 141668 ns] Test is running, debug_wb_pc = 0x000024e8
        [ 142016 ns] Test is running, debug_wb_pc = 0x000024ec
        [ 142364 ns] Test is running, debug_wb_pc = 0x000024f0
        [ 142625 ns] Test is running, debug_wb_pc = 0x000024f4
        [ 142973 ns] Test is running, debug_wb_pc = 0x000024f8
        [ 143320 ns] Test is running, debug_wb_pc = 0x000024fc
        [ 143668 ns] Test is running, debug_wb_pc = 0x00002500
        [ 143929 ns] Test is running, debug_wb_pc = 0x00002504
        [ 144277 ns] Test is running, debug_wb_pc = 0x00002508
        [ 144625 ns] Test is running, debug_wb_pc = 0x0000250c
        [ 144973 ns] Test is running, debug_wb_pc = 0x00002510
        [ 145233 ns] Test is running, debug_wb_pc = 0x00002514
        [ 145581 ns] Test is running, debug_wb_pc = 0x00002518
        [ 145929 ns] Test is running, debug_wb_pc = 0x0000251c
        [ 146277 ns] Test is running, debug_wb_pc = 0x00002520
        [ 146625 ns] Test is running, debug_wb_pc = 0x00002524
        [ 146973 ns] Test is running, debug_wb_pc = 0x00002528
        [ 147320 ns] Test is running, debug_wb_pc = 0x0000252c
        [ 147494 ns] Test is running, debug_wb_pc = 0x000003e0
        [ 147842 ns] Test is running, debug_wb_pc = 0x000003e4
        [ 148016 ns] Test is running, debug_wb_pc = 0x00000588
        [ 148364 ns] Test is running, debug_wb_pc = 0x0000058c
        [ 148712 ns] Test is running, debug_wb_pc = 0x00000590
        [ 149060 ns] Test is running, debug_wb_pc = 0x00000594
        [ 149407 ns] Test is running, debug_wb_pc = 0x00000598
        [ 149668 ns] Test is running, debug_wb_pc = 0x0000059c
        [ 150016 ns] Test is running, debug_wb_pc = 0x000005a0
        [ 150190 ns] Test is running, debug_wb_pc = 0x000003e8
        [ 150538 ns] Test is running, debug_wb_pc = 0x000003ec
        [ 150712 ns] Test is running, debug_wb_pc = 0x00002540
        [ 151060 ns] Test is running, debug_wb_pc = 0x00002544
        [ 151407 ns] Test is running, debug_wb_pc = 0x00002548
        [ 151755 ns] Test is running, debug_wb_pc = 0x0000254c
        [ 152103 ns] Test is running, debug_wb_pc = 0x00002550
        [ 152451 ns] Test is running, debug_wb_pc = 0x00002554
        [ 152799 ns] Test is running, debug_wb_pc = 0x00002558
        [ 153147 ns] Test is running, debug_wb_pc = 0x0000255c
        [ 153494 ns] Test is running, debug_wb_pc = 0x00002560
        [ 153842 ns] Test is running, debug_wb_pc = 0x00002564
        [ 154190 ns] Test is running, debug_wb_pc = 0x00002568
        [ 154538 ns] Test is running, debug_wb_pc = 0x0000256c
        [ 154886 ns] Test is running, debug_wb_pc = 0x00002570
        [ 155233 ns] Test is running, debug_wb_pc = 0x00002574
        [ 155668 ns] Test is running, debug_wb_pc = 0x00002578
        [ 156103 ns] Test is running, debug_wb_pc = 0x0000257c
        [ 156538 ns] Test is running, debug_wb_pc = 0x00002580
        [ 156973 ns] Test is running, debug_wb_pc = 0x00002584
        [ 157320 ns] Test is running, debug_wb_pc = 0x00002588
        [ 157668 ns] Test is running, debug_wb_pc = 0x0000258c
        [ 157929 ns] Test is running, debug_wb_pc = 0x00002590
        [ 158277 ns] Test is running, debug_wb_pc = 0x00002594
        [ 158625 ns] Test is running, debug_wb_pc = 0x00002598
        [ 158973 ns] Test is running, debug_wb_pc = 0x0000259c
        [ 159320 ns] Test is running, debug_wb_pc = 0x000025a0
        [ 159668 ns] Test is running, debug_wb_pc = 0x000025a4
        [ 160016 ns] Test is running, debug_wb_pc = 0x000025a8
        [ 160364 ns] Test is running, debug_wb_pc = 0x000025ac
        [ 160712 ns] Test is running, debug_wb_pc = 0x000025b0
        [ 161060 ns] Test is running, debug_wb_pc = 0x000025b4
        [ 161407 ns] Test is running, debug_wb_pc = 0x000025b8
        [ 161755 ns] Test is running, debug_wb_pc = 0x000025bc
